<?xml version="1.0" encoding="UTF-8"?>
<!-- Generated by org.testng.reporters.JUnitReportReporter -->
<testsuite hostname="DESKTOP-9L4BQP1" failures="0" tests="2" name="test.NewTest2" time="56.482" errors="0" timestamp="09 Jul 2019 10:45:05 GMT" skipped="0">
  <testcase classname="test.NewTest2" name="openMyBlog" time="49.922"/>
  <testcase classname="test.NewTest2" name="Tutorial" time="6.560"/>
</testsuite> <!-- test.NewTest2 -->
