<?xml version="1.0" encoding="UTF-8"?>
<!-- Generated by org.testng.reporters.JUnitReportReporter -->
<testsuite hostname="DESKTOP-9L4BQP1" failures="0" tests="2" name="test.NewTest" time="26.330" errors="0" timestamp="07 Aug 2019 05:23:23 GMT" skipped="0">
  <testcase classname="test.NewTest" name="openMyBlog" time="8.088"/>
  <testcase classname="test.NewTest" name="blog" time="18.242"/>
</testsuite> <!-- test.NewTest -->
