<?xml version="1.0" encoding="UTF-8"?>
<!-- Generated by org.testng.reporters.JUnitReportReporter -->
<testsuite hostname="DESKTOP-9L4BQP1" failures="0" tests="1" name="test.NewTest" time="81.768" errors="0" timestamp="26 Jun 2019 12:46:32 GMT">
  <testcase classname="test.NewTest" name="openMyBlog" time="81.768"/>
</testsuite> <!-- test.NewTest -->
